
2017-01-08 03:30:00...installerHook: Could not find custom/install/install_hooks.php
2017-01-08 03:30:07...installerHook: Could not find custom/install/install_hooks.php
2017-01-08 03:32:22...installerHook: Could not find custom/install/install_hooks.php
2017-01-08 03:32:43...installerHook: Could not find custom/install/install_hooks.php
2017-01-08 03:32:49...Begin System Check Process *************
2017-01-08 03:32:49...XML Parsing Support Found
2017-01-08 03:32:49...MBString Support Found
2017-01-08 03:32:49...MCrypt is loaded
2017-01-08 03:32:49...ZIP Support Found
2017-01-08 03:32:49.../custom directory and subdirectory check passed
2017-01-08 03:32:49...cache directory and subdirectory check passed
2017-01-08 03:32:50.../module  directory and subdirectory check passed
2017-01-08 03:32:50.../upload directory check passed
2017-01-08 03:32:50.../zip check passed
2017-01-08 03:32:50.../BCMATH check passed
2017-01-08 03:32:50...Testing .htaccess redirects
2017-01-08 03:32:50...Passed .htaccess redirects check
2017-01-08 03:32:50...installerHook: Could not find custom/install/install_hooks.php
2017-01-08 03:32:50...php.ini location found. /etc/php.ini
2017-01-08 03:32:50...Outputting HTML for System check
2017-01-08 03:32:50...No Errors were found *************
2017-01-08 03:32:53...installerHook: Could not find custom/install/install_hooks.php
2017-01-08 03:33:01...installerHook: Could not find custom/install/install_hooks.php
2017-01-08 03:33:04...installerHook: Could not find custom/install/install_hooks.php
2017-01-08 03:33:28...Begin DB Check Process *************
2017-01-08 03:33:28...testing with mysql:mysqli
2017-01-08 03:33:28...Basic form info is valid, continuing Process.
2017-01-08 03:33:28...Testing user account...
2017-01-08 03:33:28...Connection made using  host: localhost, usr: root
2017-01-08 03:33:28...Testing priviliged account...
2017-01-08 03:33:28...Connection made using  host: localhost, usr: root
2017-01-08 03:33:28...DB not selected, will create plus_crm
2017-01-08 03:33:28...Passed DB install check
2017-01-08 03:33:28...Begining to check FTS Settings.
2017-01-08 03:33:28...FTS connection results: 1
2017-01-08 03:33:28...End DB Check Process *************
2017-01-08 03:33:28...SUCCESS:: no errors detected!
2017-01-08 03:33:29...installerHook: Could not find custom/install/install_hooks.php
2017-01-08 03:33:34...installerHook: Could not find custom/install/install_hooks.php
2017-01-08 03:33:47...installerHook: Could not find custom/install/install_hooks.php
2017-01-08 03:33:47...calling handleSugarConfig()
2017-01-08 03:33:47...calling handleLog4Php()
2017-01-08 03:33:47...calling handleHtaccess()
2017-01-08 03:33:47...calling handleDbCreateDatabase()
2017-01-08 03:33:48...Enabling fulltext indexing
2017-01-08 03:33:48...looping through all the Beans and create their tables
2017-01-08 03:33:48...processing table acl_actions
2017-01-08 03:33:48...creating table acl_actions
2017-01-08 03:33:48...creating Relationship Meta for ACLAction
2017-01-08 03:33:48...processing table acl_roles
2017-01-08 03:33:48...creating table acl_roles
2017-01-08 03:33:48...creating Relationship Meta for ACLRole
2017-01-08 03:33:48...processing table relationships
2017-01-08 03:33:48...processing table acl_role_sets
2017-01-08 03:33:48...creating table acl_role_sets
2017-01-08 03:33:48...creating Relationship Meta for ACLRoleSet
2017-01-08 03:33:50...processing table leads
2017-01-08 03:33:50...creating table leads
2017-01-08 03:33:50...creating Relationship Meta for Lead
2017-01-08 03:33:50...processing table cases
2017-01-08 03:33:50...creating table cases
2017-01-08 03:33:50...creating Relationship Meta for Case
2017-01-08 03:33:50...processing table bugs
2017-01-08 03:33:50...creating table bugs
2017-01-08 03:33:50...creating Relationship Meta for Bug
2017-01-08 03:33:50...processing table users
2017-01-08 03:33:50...creating table users
2017-01-08 03:33:50...creating Relationship Meta for User
2017-01-08 03:33:50...processing table campaign_log
2017-01-08 03:33:51...creating table campaign_log
2017-01-08 03:33:51...creating Relationship Meta for CampaignLog
2017-01-08 03:33:51...processing table project
2017-01-08 03:33:51...creating table project
2017-01-08 03:33:51...creating Relationship Meta for Project
2017-01-08 03:33:51...processing table project_task
2017-01-08 03:33:51...creating table project_task
2017-01-08 03:33:51...creating Relationship Meta for ProjectTask
2017-01-08 03:33:51...processing table campaigns
2017-01-08 03:33:51...creating table campaigns
2017-01-08 03:33:51...creating Relationship Meta for Campaign
2017-01-08 03:33:51...processing table prospect_lists
2017-01-08 03:33:51...creating table prospect_lists
2017-01-08 03:33:51...creating Relationship Meta for ProspectList
2017-01-08 03:33:51...processing table prospects
2017-01-08 03:33:52...creating table prospects
2017-01-08 03:33:52...creating Relationship Meta for Prospect
2017-01-08 03:33:52...processing table email_marketing
2017-01-08 03:33:52...creating table email_marketing
2017-01-08 03:33:52...creating Relationship Meta for EmailMarketing
2017-01-08 03:33:52...processing table campaign_trkrs
2017-01-08 03:33:52...creating table campaign_trkrs
2017-01-08 03:33:52...creating Relationship Meta for CampaignTracker
2017-01-08 03:33:52...processing table releases
2017-01-08 03:33:52...creating table releases
2017-01-08 03:33:52...creating Relationship Meta for Release
2017-01-08 03:33:52...processing table emailman
2017-01-08 03:33:52...creating table emailman
2017-01-08 03:33:52...creating Relationship Meta for EmailMan
2017-01-08 03:33:52...processing table schedulers
2017-01-08 03:33:52...creating table schedulers
2017-01-08 03:33:52...creating Relationship Meta for Scheduler
2017-01-08 03:33:52...processing table job_queue
2017-01-08 03:33:52...creating table job_queue
2017-01-08 03:33:52...creating Relationship Meta for SchedulersJob
2017-01-08 03:33:52...processing table contacts
2017-01-08 03:33:52...creating table contacts
2017-01-08 03:33:52...creating Relationship Meta for Contact
2017-01-08 03:33:52...processing table accounts
2017-01-08 03:33:53...creating table accounts
2017-01-08 03:33:53...creating Relationship Meta for Account
2017-01-08 03:33:53...processing table opportunities
2017-01-08 03:33:53...creating table opportunities
2017-01-08 03:33:53...creating Relationship Meta for Opportunity
2017-01-08 03:33:53...processing table email_templates
2017-01-08 03:33:53...creating table email_templates
2017-01-08 03:33:53...creating Relationship Meta for EmailTemplate
2017-01-08 03:33:53...processing table users_signatures
2017-01-08 03:33:53...creating table users_signatures
2017-01-08 03:33:53...creating Relationship Meta for UserSignature
2017-01-08 03:33:53...processing table notes
2017-01-08 03:33:53...creating table notes
2017-01-08 03:33:53...creating Relationship Meta for Note
2017-01-08 03:33:53...processing table calls
2017-01-08 03:33:53...creating table calls
2017-01-08 03:33:53...creating Relationship Meta for Call
2017-01-08 03:33:53...processing table emails
2017-01-08 03:33:53...creating table emails
2017-01-08 03:33:53...creating Relationship Meta for Email
2017-01-08 03:33:53...processing table meetings
2017-01-08 03:33:54...creating table meetings
2017-01-08 03:33:54...creating Relationship Meta for Meeting
2017-01-08 03:33:54...processing table tasks
2017-01-08 03:33:54...creating table tasks
2017-01-08 03:33:54...creating Relationship Meta for Task
2017-01-08 03:33:54...processing table users
2017-01-08 03:33:54...processing table users
2017-01-08 03:33:54...processing table currencies
2017-01-08 03:33:54...creating table currencies
2017-01-08 03:33:54...creating Relationship Meta for Currency
2017-01-08 03:33:54...processing table tracker
2017-01-08 03:33:55...creating table tracker
2017-01-08 03:33:55...creating Relationship Meta for Tracker
2017-01-08 03:33:55...processing table tracker_perf
2017-01-08 03:33:55...creating table tracker_perf
2017-01-08 03:33:55...creating Relationship Meta for tracker_perf
2017-01-08 03:33:55...processing table tracker_sessions
2017-01-08 03:33:55...creating table tracker_sessions
2017-01-08 03:33:55...creating Relationship Meta for tracker_sessions
2017-01-08 03:33:55...processing table tracker_queries
2017-01-08 03:33:55...creating table tracker_queries
2017-01-08 03:33:55...creating Relationship Meta for tracker_queries
2017-01-08 03:33:55...processing table import_maps
2017-01-08 03:33:55...creating table import_maps
2017-01-08 03:33:55...creating Relationship Meta for ImportMap
2017-01-08 03:33:55...processing table users_last_import
2017-01-08 03:33:55...creating table users_last_import
2017-01-08 03:33:55...creating Relationship Meta for UsersLastImport
2017-01-08 03:33:55...processing table config
2017-01-08 03:33:55...creating table config
2017-01-08 03:33:55...creating Relationship Meta for Administration
2017-01-08 03:33:55...processing table upgrade_history
2017-01-08 03:33:55...creating table upgrade_history
2017-01-08 03:33:55...creating Relationship Meta for UpgradeHistory
2017-01-08 03:33:55...processing table vcals
2017-01-08 03:33:55...creating table vcals
2017-01-08 03:33:55...creating Relationship Meta for vCal
2017-01-08 03:33:55...processing table versions
2017-01-08 03:33:55...creating table versions
2017-01-08 03:33:55...creating Relationship Meta for Version
2017-01-08 03:33:55...processing table roles
2017-01-08 03:33:55...creating table roles
2017-01-08 03:33:55...creating Relationship Meta for Role
2017-01-08 03:33:55...processing table documents
2017-01-08 03:33:55...creating table documents
2017-01-08 03:33:55...creating Relationship Meta for Document
2017-01-08 03:33:55...processing table document_revisions
2017-01-08 03:33:55...creating table document_revisions
2017-01-08 03:33:55...creating Relationship Meta for DocumentRevision
2017-01-08 03:33:55...processing table fields_meta_data
2017-01-08 03:33:55...creating table fields_meta_data
2017-01-08 03:33:55...creating Relationship Meta for FieldsMetaData
2017-01-08 03:33:55...processing table inbound_email
2017-01-08 03:33:55...creating table inbound_email
2017-01-08 03:33:55...creating Relationship Meta for InboundEmail
2017-01-08 03:33:55...processing table saved_search
2017-01-08 03:33:55...creating table saved_search
2017-01-08 03:33:55...creating Relationship Meta for SavedSearch
2017-01-08 03:33:55...processing table user_preferences
2017-01-08 03:33:55...creating table user_preferences
2017-01-08 03:33:55...creating Relationship Meta for UserPreference
2017-01-08 03:33:55...processing table 
2017-01-08 03:33:55...processing table email_addresses
2017-01-08 03:33:56...creating table email_addresses
2017-01-08 03:33:56...creating Relationship Meta for EmailAddress
2017-01-08 03:33:56...processing table emails_text
2017-01-08 03:33:56...creating table emails_text
2017-01-08 03:33:56...creating Relationship Meta for EmailText
2017-01-08 03:33:56...processing table saved_reports
2017-01-08 03:33:56...creating table saved_reports
2017-01-08 03:33:56...creating Relationship Meta for SavedReport
2017-01-08 03:33:56...processing table acl_fields
2017-01-08 03:33:56...creating table acl_fields
2017-01-08 03:33:56...creating Relationship Meta for ACLField
2017-01-08 03:33:56...processing table contracts
2017-01-08 03:33:56...creating table contracts
2017-01-08 03:33:56...creating Relationship Meta for Contract
2017-01-08 03:33:56...processing table teams
2017-01-08 03:33:56...creating table teams
2017-01-08 03:33:56...creating Relationship Meta for Team
2017-01-08 03:33:56...processing table team_memberships
2017-01-08 03:33:56...creating table team_memberships
2017-01-08 03:33:56...creating Relationship Meta for TeamMembership
2017-01-08 03:33:56...processing table team_sets
2017-01-08 03:33:56...creating table team_sets
2017-01-08 03:33:56...creating Relationship Meta for TeamSet
2017-01-08 03:33:56...processing table team_sets_modules
2017-01-08 03:33:56...creating table team_sets_modules
2017-01-08 03:33:56...creating Relationship Meta for TeamSetModule
2017-01-08 03:33:56...processing table team_notices
2017-01-08 03:33:56...creating table team_notices
2017-01-08 03:33:56...creating Relationship Meta for TeamNotices
2017-01-08 03:33:56...processing table product_templates
2017-01-08 03:33:56...creating table product_templates
2017-01-08 03:33:56...creating Relationship Meta for ProductTemplate
2017-01-08 03:33:56...processing table product_types
2017-01-08 03:33:56...creating table product_types
2017-01-08 03:33:56...creating Relationship Meta for ProductType
2017-01-08 03:33:56...processing table product_categories
2017-01-08 03:33:57...creating table product_categories
2017-01-08 03:33:57...creating Relationship Meta for ProductCategory
2017-01-08 03:33:57...processing table manufacturers
2017-01-08 03:33:57...creating table manufacturers
2017-01-08 03:33:57...creating Relationship Meta for Manufacturer
2017-01-08 03:33:57...processing table quotes
2017-01-08 03:33:57...creating table quotes
2017-01-08 03:33:57...creating Relationship Meta for Quote
2017-01-08 03:33:57...processing table product_bundle_notes
2017-01-08 03:33:57...creating table product_bundle_notes
2017-01-08 03:33:57...creating Relationship Meta for ProductBundleNote
2017-01-08 03:33:57...processing table products
2017-01-08 03:33:57...creating table products
2017-01-08 03:33:57...creating Relationship Meta for Product
2017-01-08 03:33:57...processing table product_bundles
2017-01-08 03:33:57...creating table product_bundles
2017-01-08 03:33:57...creating Relationship Meta for ProductBundle
2017-01-08 03:33:57...processing table revenue_line_items
2017-01-08 03:33:57...creating table revenue_line_items
2017-01-08 03:33:57...creating Relationship Meta for RevenueLineItem
2017-01-08 03:33:57...processing table shippers
2017-01-08 03:33:57...creating table shippers
2017-01-08 03:33:57...creating Relationship Meta for Shipper
2017-01-08 03:33:57...processing table taxrates
2017-01-08 03:33:57...creating table taxrates
2017-01-08 03:33:57...creating Relationship Meta for TaxRate
2017-01-08 03:33:57...processing table timeperiods
2017-01-08 03:33:57...creating table timeperiods
2017-01-08 03:33:57...creating Relationship Meta for TimePeriod
2017-01-08 03:33:57...processing table timeperiods
2017-01-08 03:33:57...processing table timeperiods
2017-01-08 03:33:57...processing table timeperiods
2017-01-08 03:33:57...processing table timeperiods
2017-01-08 03:33:57...processing table timeperiods
2017-01-08 03:33:57...processing table timeperiods
2017-01-08 03:33:57...processing table forecasts
2017-01-08 03:33:58...creating table forecasts
2017-01-08 03:33:58...creating Relationship Meta for Forecast
2017-01-08 03:33:58...processing table forecast_worksheets
2017-01-08 03:33:58...creating table forecast_worksheets
2017-01-08 03:33:58...creating Relationship Meta for ForecastWorksheet
2017-01-08 03:33:58...processing table forecast_manager_worksheets
2017-01-08 03:33:58...creating table forecast_manager_worksheets
2017-01-08 03:33:58...creating Relationship Meta for ForecastManagerWorksheet
2017-01-08 03:33:58...processing table opportunities
2017-01-08 03:33:58...processing table users
2017-01-08 03:33:58...processing table quotas
2017-01-08 03:33:58...creating table quotas
2017-01-08 03:33:58...creating Relationship Meta for Quota
2017-01-08 03:33:58...processing table workflow
2017-01-08 03:33:58...creating table workflow
2017-01-08 03:33:58...creating Relationship Meta for WorkFlow
2017-01-08 03:33:58...processing table workflow_triggershells
2017-01-08 03:33:58...creating table workflow_triggershells
2017-01-08 03:33:58...creating Relationship Meta for WorkFlowTriggerShell
2017-01-08 03:33:58...processing table workflow_alertshells
2017-01-08 03:33:58...creating table workflow_alertshells
2017-01-08 03:33:58...creating Relationship Meta for WorkFlowAlertShell
2017-01-08 03:33:58...processing table workflow_alerts
2017-01-08 03:33:58...creating table workflow_alerts
2017-01-08 03:33:58...creating Relationship Meta for WorkFlowAlert
2017-01-08 03:33:58...processing table workflow_actionshells
2017-01-08 03:33:58...creating table workflow_actionshells
2017-01-08 03:33:58...creating Relationship Meta for WorkFlowActionShell
2017-01-08 03:33:58...processing table workflow_actions
2017-01-08 03:33:58...creating table workflow_actions
2017-01-08 03:33:58...creating Relationship Meta for WorkFlowAction
2017-01-08 03:33:58...processing table expressions
2017-01-08 03:33:58...creating table expressions
2017-01-08 03:33:58...creating Relationship Meta for Expression
2017-01-08 03:33:58...processing table systems
2017-01-08 03:33:58...creating table systems
2017-01-08 03:33:58...creating Relationship Meta for System
2017-01-08 03:33:58...processing table session_active
2017-01-08 03:33:59...creating table session_active
2017-01-08 03:33:59...creating Relationship Meta for SessionManager
2017-01-08 03:33:59...processing table contract_types
2017-01-08 03:33:59...creating table contract_types
2017-01-08 03:33:59...creating Relationship Meta for ContractType
2017-01-08 03:33:59...processing table project_resources
2017-01-08 03:33:59...creating table project_resources
2017-01-08 03:33:59...creating Relationship Meta for ProjectResource
2017-01-08 03:33:59...processing table holidays
2017-01-08 03:33:59...creating table holidays
2017-01-08 03:33:59...creating Relationship Meta for Holiday
2017-01-08 03:33:59...processing table custom_queries
2017-01-08 03:33:59...creating table custom_queries
2017-01-08 03:33:59...creating Relationship Meta for CustomQuery
2017-01-08 03:33:59...processing table data_sets
2017-01-08 03:33:59...creating table data_sets
2017-01-08 03:33:59...creating Relationship Meta for DataSet
2017-01-08 03:33:59...processing table dataset_attributes
2017-01-08 03:33:59...creating table dataset_attributes
2017-01-08 03:33:59...creating Relationship Meta for DataSet_Attribute
2017-01-08 03:33:59...processing table report_maker
2017-01-08 03:33:59...creating table report_maker
2017-01-08 03:33:59...creating Relationship Meta for ReportMaker
2017-01-08 03:33:59...processing table pmse_project
2017-01-08 03:33:59...creating table pmse_project
2017-01-08 03:33:59...creating Relationship Meta for pmse_Project
2017-01-08 03:33:59...processing table pmse_inbox
2017-01-08 03:33:59...creating table pmse_inbox
2017-01-08 03:33:59...creating Relationship Meta for pmse_Inbox
2017-01-08 03:33:59...processing table pmse_business_rules
2017-01-08 03:33:59...creating table pmse_business_rules
2017-01-08 03:33:59...creating Relationship Meta for pmse_Business_Rules
2017-01-08 03:33:59...processing table pmse_emails_templates
2017-01-08 03:34:00...creating table pmse_emails_templates
2017-01-08 03:34:00...creating Relationship Meta for pmse_Emails_Templates
2017-01-08 03:34:00...processing table pmse_bpmn_activity
2017-01-08 03:34:00...creating table pmse_bpmn_activity
2017-01-08 03:34:00...creating Relationship Meta for pmse_BpmnActivity
2017-01-08 03:34:00...processing table pmse_bpmn_artifact
2017-01-08 03:34:00...creating table pmse_bpmn_artifact
2017-01-08 03:34:00...creating Relationship Meta for pmse_BpmnArtifact
2017-01-08 03:34:00...processing table pmse_bpmn_bound
2017-01-08 03:34:00...creating table pmse_bpmn_bound
2017-01-08 03:34:00...creating Relationship Meta for pmse_BpmnBound
2017-01-08 03:34:00...processing table pmse_bpmn_data
2017-01-08 03:34:00...creating table pmse_bpmn_data
2017-01-08 03:34:00...creating Relationship Meta for pmse_BpmnData
2017-01-08 03:34:00...processing table pmse_bpmn_diagram
2017-01-08 03:34:00...creating table pmse_bpmn_diagram
2017-01-08 03:34:00...creating Relationship Meta for pmse_BpmnDiagram
2017-01-08 03:34:00...processing table pmse_bpmn_documentation
2017-01-08 03:34:00...creating table pmse_bpmn_documentation
2017-01-08 03:34:00...creating Relationship Meta for pmse_BpmnDocumentation
2017-01-08 03:34:00...processing table pmse_bpmn_event
2017-01-08 03:34:00...creating table pmse_bpmn_event
2017-01-08 03:34:00...creating Relationship Meta for pmse_BpmnEvent
2017-01-08 03:34:00...processing table pmse_bpmn_extension
2017-01-08 03:34:00...creating table pmse_bpmn_extension
2017-01-08 03:34:00...creating Relationship Meta for pmse_BpmnExtension
2017-01-08 03:34:00...processing table pmse_bpmn_flow
2017-01-08 03:34:00...creating table pmse_bpmn_flow
2017-01-08 03:34:00...creating Relationship Meta for pmse_BpmnFlow
2017-01-08 03:34:00...processing table pmse_bpmn_gateway
2017-01-08 03:34:00...creating table pmse_bpmn_gateway
2017-01-08 03:34:00...creating Relationship Meta for pmse_BpmnGateway
2017-01-08 03:34:00...processing table pmse_bpmn_lane
2017-01-08 03:34:00...creating table pmse_bpmn_lane
2017-01-08 03:34:00...creating Relationship Meta for pmse_BpmnLane
2017-01-08 03:34:00...processing table pmse_bpmn_laneset
2017-01-08 03:34:00...creating table pmse_bpmn_laneset
2017-01-08 03:34:00...creating Relationship Meta for pmse_BpmnLaneset
2017-01-08 03:34:00...processing table pmse_bpmn_participant
2017-01-08 03:34:00...creating table pmse_bpmn_participant
2017-01-08 03:34:00...creating Relationship Meta for pmse_BpmnParticipant
2017-01-08 03:34:00...processing table pmse_bpmn_process
2017-01-08 03:34:00...creating table pmse_bpmn_process
2017-01-08 03:34:00...creating Relationship Meta for pmse_BpmnProcess
2017-01-08 03:34:00...processing table pmse_bpm_flow
2017-01-08 03:34:01...creating table pmse_bpm_flow
2017-01-08 03:34:01...creating Relationship Meta for pmse_BpmFlow
2017-01-08 03:34:01...processing table pmse_bpm_thread
2017-01-08 03:34:01...creating table pmse_bpm_thread
2017-01-08 03:34:01...creating Relationship Meta for pmse_BpmThread
2017-01-08 03:34:01...processing table pmse_bpm_notes
2017-01-08 03:34:01...creating table pmse_bpm_notes
2017-01-08 03:34:01...creating Relationship Meta for pmse_BpmNotes
2017-01-08 03:34:01...processing table pmse_bpm_related_dependency
2017-01-08 03:34:01...creating table pmse_bpm_related_dependency
2017-01-08 03:34:01...creating Relationship Meta for pmse_BpmRelatedDependency
2017-01-08 03:34:01...processing table pmse_bpm_activity_user
2017-01-08 03:34:01...creating table pmse_bpm_activity_user
2017-01-08 03:34:01...creating Relationship Meta for pmse_BpmActivityUser
2017-01-08 03:34:01...processing table pmse_bpm_event_definition
2017-01-08 03:34:01...creating table pmse_bpm_event_definition
2017-01-08 03:34:01...creating Relationship Meta for pmse_BpmEventDefinition
2017-01-08 03:34:01...processing table pmse_bpm_gateway_definition
2017-01-08 03:34:01...creating table pmse_bpm_gateway_definition
2017-01-08 03:34:01...creating Relationship Meta for pmse_BpmGatewayDefinition
2017-01-08 03:34:01...processing table pmse_bpm_activity_definition
2017-01-08 03:34:01...creating table pmse_bpm_activity_definition
2017-01-08 03:34:01...creating Relationship Meta for pmse_BpmActivityDefinition
2017-01-08 03:34:01...processing table pmse_bpm_activity_step
2017-01-08 03:34:01...creating table pmse_bpm_activity_step
2017-01-08 03:34:01...creating Relationship Meta for pmse_BpmActivityStep
2017-01-08 03:34:01...processing table pmse_bpm_form_action
2017-01-08 03:34:01...creating table pmse_bpm_form_action
2017-01-08 03:34:01...creating Relationship Meta for pmse_BpmFormAction
2017-01-08 03:34:01...processing table pmse_bpm_dynamic_forms
2017-01-08 03:34:01...creating table pmse_bpm_dynamic_forms
2017-01-08 03:34:01...creating Relationship Meta for pmse_BpmDynaForm
2017-01-08 03:34:01...processing table pmse_bpm_process_definition
2017-01-08 03:34:01...creating table pmse_bpm_process_definition
2017-01-08 03:34:01...creating Relationship Meta for pmse_BpmProcessDefinition
2017-01-08 03:34:01...processing table pmse_bpm_config
2017-01-08 03:34:01...creating table pmse_bpm_config
2017-01-08 03:34:01...creating Relationship Meta for pmse_BpmConfig
2017-01-08 03:34:01...processing table pmse_bpm_group
2017-01-08 03:34:01...creating table pmse_bpm_group
2017-01-08 03:34:01...creating Relationship Meta for pmse_BpmGroup
2017-01-08 03:34:01...processing table pmse_bpm_group_user
2017-01-08 03:34:01...creating table pmse_bpm_group_user
2017-01-08 03:34:01...creating Relationship Meta for pmse_BpmGroupUser
2017-01-08 03:34:01...processing table 
2017-01-08 03:34:01...processing table styleguide
2017-01-08 03:34:01...creating table styleguide
2017-01-08 03:34:01...creating Relationship Meta for Styleguide
2017-01-08 03:34:01...processing table notifications
2017-01-08 03:34:02...creating table notifications
2017-01-08 03:34:02...creating Relationship Meta for Notifications
2017-01-08 03:34:02...processing table eapm
2017-01-08 03:34:02...creating table eapm
2017-01-08 03:34:02...creating Relationship Meta for EAPM
2017-01-08 03:34:02...processing table oauth_consumer
2017-01-08 03:34:02...creating table oauth_consumer
2017-01-08 03:34:02...creating Relationship Meta for OAuthKey
2017-01-08 03:34:02...processing table oauth_tokens
2017-01-08 03:34:02...creating table oauth_tokens
2017-01-08 03:34:02...creating Relationship Meta for OAuthToken
2017-01-08 03:34:02...processing table sugarfavorites
2017-01-08 03:34:02...creating table sugarfavorites
2017-01-08 03:34:02...creating Relationship Meta for SugarFavorites
2017-01-08 03:34:02...processing table weblogichooks
2017-01-08 03:34:02...creating table weblogichooks
2017-01-08 03:34:02...creating Relationship Meta for WebLogicHook
2017-01-08 03:34:02...processing table activities
2017-01-08 03:34:02...creating table activities
2017-01-08 03:34:02...creating Relationship Meta for Activity
2017-01-08 03:34:02...processing table comments
2017-01-08 03:34:02...creating table comments
2017-01-08 03:34:02...creating Relationship Meta for Comment
2017-01-08 03:34:02...processing table subscriptions
2017-01-08 03:34:02...creating table subscriptions
2017-01-08 03:34:02...creating Relationship Meta for Subscription
2017-01-08 03:34:02...processing table filters
2017-01-08 03:34:02...creating table filters
2017-01-08 03:34:02...creating Relationship Meta for Filters
2017-01-08 03:34:02...processing table dashboards
2017-01-08 03:34:02...creating table dashboards
2017-01-08 03:34:02...creating Relationship Meta for Dashboard
2017-01-08 03:34:02...processing table tags
2017-01-08 03:34:03...creating table tags
2017-01-08 03:34:03...creating Relationship Meta for Tag
2017-01-08 03:34:03...processing table categories
2017-01-08 03:34:03...creating table categories
2017-01-08 03:34:03...creating Relationship Meta for Category
2017-01-08 03:34:03...processing table pdfmanager
2017-01-08 03:34:03...creating table pdfmanager
2017-01-08 03:34:03...creating Relationship Meta for PdfManager
2017-01-08 03:34:03...processing table kbdocuments
2017-01-08 03:34:03...creating table kbdocuments
2017-01-08 03:34:03...creating Relationship Meta for KBDocument
2017-01-08 03:34:03...processing table kbcontents
2017-01-08 03:34:03...creating table kbcontents
2017-01-08 03:34:03...creating Relationship Meta for KBContent
2017-01-08 03:34:03...processing table kbarticles
2017-01-08 03:34:03...creating table kbarticles
2017-01-08 03:34:03...creating Relationship Meta for KBArticle
2017-01-08 03:34:03...processing table kbcontent_templates
2017-01-08 03:34:03...creating table kbcontent_templates
2017-01-08 03:34:03...creating Relationship Meta for KBContentTemplate
2017-01-08 03:34:03...processing table embedded_files
2017-01-08 03:34:03...creating table embedded_files
2017-01-08 03:34:03...creating Relationship Meta for EmbeddedFile
2017-01-08 03:34:10...Begin creating Defaults
2017-01-08 03:34:10...INSERT defaults INTO config TABLE
2017-01-08 03:34:10...Updating license information
2017-01-08 03:34:11...Creating default users
2017-01-08 03:34:11...Creating default reports
2017-01-08 03:34:12...Creating default scheduler jobs
2017-01-08 03:34:16...creating new user for Snip
2017-01-08 03:34:16...Converting Opportunities to use RevenueLineItems
2017-01-08 03:35:43...Converting Opportunities Reports to use RevenueLineItems
2017-01-08 03:35:43...converting Forecasts to use RevenueLineItems
2017-01-08 03:35:44...populating the db with seed data
2017-01-08 03:35:44...done populating the db with seed data
2017-01-08 03:35:44...running full indexer
2017-01-08 03:35:48...Done populating data *********
2017-01-08 03:35:48...Running post-install hooks
2017-01-08 03:35:48...Finished post-install hooks
2017-01-08 03:35:53...Populating file cache
2017-01-08 03:35:54...Populating metadata cache
2017-01-08 03:36:07...Installation has completed *********
2017-01-08 03:37:50...installerHook: Could not find custom/install/install_hooks.php